TN:
SF:C:\Users\dirk\Documents\aurelia\challenge\src\config\person-schema.js
FNF:0
FNH:0
LF:0
LH:0
BRF:0
BRH:0
end_of_record
TN:
SF:C:\Users\dirk\Documents\aurelia\challenge\src\entities\person.js
FN:24,(anonymous_0)
FN:43,(anonymous_1)
FNF:2
FNH:2
FNDA:39,(anonymous_0)
FNDA:38,(anonymous_1)
DA:25,39
DA:26,187
DA:29,39
DA:30,38
DA:33,39
DA:44,38
DA:45,184
DA:47,184
DA:48,12
LF:9
LH:9
BRDA:29,0,0,38
BRDA:29,0,1,1
BRDA:47,1,0,12
BRDA:47,1,1,172
BRF:4
BRH:4
end_of_record
TN:
SF:C:\Users\dirk\Documents\aurelia\challenge\src\services\storage.js
FN:27,(anonymous_0)
FN:37,(anonymous_1)
FN:38,(anonymous_2)
FN:46,(anonymous_3)
FN:56,(anonymous_4)
FN:60,(anonymous_5)
FN:80,(anonymous_6)
FN:97,(anonymous_7)
FN:101,(anonymous_8)
FN:115,setData
FN:119,getData
FNF:11
FNH:11
FNDA:28,(anonymous_0)
FNDA:8,(anonymous_1)
FNDA:12,(anonymous_2)
FNDA:12,(anonymous_3)
FNDA:2,(anonymous_4)
FNDA:6,(anonymous_5)
FNDA:2,(anonymous_6)
FNDA:3,(anonymous_7)
FNDA:9,(anonymous_8)
FNDA:7,setData
FNDA:27,getData
DA:28,28
DA:38,12
DA:47,12
DA:57,2
DA:60,2
DA:61,6
DA:62,1
DA:63,1
DA:66,5
DA:69,2
DA:71,2
DA:81,2
DA:83,2
DA:84,2
DA:86,2
DA:88,2
DA:99,3
DA:101,3
DA:102,9
DA:103,2
DA:104,2
DA:106,7
DA:109,3
DA:111,3
DA:116,7
DA:120,27
LF:26
LH:26
BRDA:61,0,0,1
BRDA:61,0,1,5
BRDA:102,1,0,2
BRDA:102,1,1,7
BRDA:120,2,0,27
BRDA:120,2,1,0
BRF:6
BRH:5
end_of_record
TN:
SF:C:\Users\dirk\Documents\aurelia\challenge\src\services\persons.js
FN:50,(anonymous_0)
FN:65,(anonymous_1)
FN:83,(anonymous_2)
FN:91,(anonymous_3)
FN:102,(anonymous_4)
FN:125,(anonymous_5)
FN:137,(anonymous_6)
FN:139,(anonymous_7)
FN:149,(anonymous_8)
FN:151,(anonymous_9)
FN:163,(anonymous_10)
FN:173,(anonymous_11)
FN:174,(anonymous_12)
FN:183,(anonymous_13)
FN:195,(anonymous_14)
FN:206,(anonymous_15)
FN:212,(anonymous_16)
FN:224,(anonymous_17)
FN:230,(anonymous_18)
FNF:19
FNH:17
FNDA:15,(anonymous_0)
FNDA:20,(anonymous_1)
FNDA:36,(anonymous_2)
FNDA:1,(anonymous_3)
FNDA:11,(anonymous_4)
FNDA:17,(anonymous_5)
FNDA:37,(anonymous_6)
FNDA:2,(anonymous_7)
FNDA:8,(anonymous_8)
FNDA:6,(anonymous_9)
FNDA:6,(anonymous_10)
FNDA:4,(anonymous_11)
FNDA:9,(anonymous_12)
FNDA:2,(anonymous_13)
FNDA:0,(anonymous_14)
FNDA:2,(anonymous_15)
FNDA:3,(anonymous_16)
FNDA:2,(anonymous_17)
FNDA:0,(anonymous_18)
DA:51,15
DA:52,5
DA:55,10
DA:66,20
DA:67,20
DA:68,20
DA:70,20
DA:71,100
DA:72,80
DA:84,36
DA:85,1
DA:88,35
DA:89,210
DA:91,1
DA:94,35
DA:103,11
DA:104,11
DA:105,11
DA:107,11
DA:108,33
DA:109,33
DA:111,33
DA:113,11
DA:114,11
DA:116,11
DA:126,17
DA:127,15
DA:129,2
DA:132,17
DA:133,2
DA:136,17
DA:137,37
DA:139,3
DA:150,8
DA:151,6
DA:154,6
DA:164,6
DA:174,9
DA:184,2
DA:185,1
DA:188,1
DA:189,1
DA:190,1
DA:191,1
DA:192,1
DA:193,1
DA:195,1
DA:197,1
DA:207,2
DA:208,1
DA:211,1
DA:212,3
DA:213,1
DA:215,1
DA:225,2
DA:226,1
DA:229,1
DA:230,1
DA:231,1
DA:232,1
DA:234,1
LF:61
LH:61
BRDA:51,0,0,5
BRDA:51,0,1,10
BRDA:71,1,0,80
BRDA:71,1,1,20
BRDA:84,2,0,1
BRDA:84,2,1,35
BRDA:126,3,0,15
BRDA:126,3,1,2
BRDA:132,4,0,2
BRDA:132,4,1,15
BRDA:133,5,0,2
BRDA:133,5,1,0
BRDA:136,6,0,14
BRDA:136,6,1,3
BRDA:150,7,0,2
BRDA:150,7,1,6
BRDA:184,8,0,1
BRDA:184,8,1,1
BRDA:207,9,0,1
BRDA:207,9,1,1
BRDA:225,10,0,1
BRDA:225,10,1,1
BRDA:230,11,0,0
BRDA:230,11,1,0
BRF:24
BRH:21
end_of_record
